<?xml version="1.0" encoding="UTF-8" ?>
<testsuite tests="1" failures="1" name="com.antoinelamoureux.tp_angular_clients.resources.CorsFilterTest" time="0.002" errors="0" skipped="0">
  <properties>
[...]
</properties>
  <testcase classname="com.antoinelamoureux.tp_angular_clients.resources.CorsFilterTest" name="com.antoinelamoureux.tp_angular_clients.resources.CorsFilterTest.testFilter" time="0.002">
    <failure type="java.lang.NullPointerException">java.lang.NullPointerException
	at com.antoinelamoureux.tp_angular_clients.resources.CorsFilter.filter(CorsFilter.java:23)
	at com.antoinelamoureux.tp_angular_clients.resources.CorsFilterTest.testFilter(CorsFilterTest.java:51)
</failure>
    <system-out>filter
</system-out>
  </testcase>
</testsuite>